<?xml version="1.0" encoding="utf-8" ?>
<!DOCTYPE html PUBLIC "-//W3C//DTD XHTML 1.0 Strict//EN"
        "http://www.w3.org/TR/xhtml1/DTD/xhtml1-strict.dtd">
<html xmlns="http://www.w3.org/1999/xhtml" xml:lang="" lang="">
<head>
  <title>Test Results Report - Regression Test</title>
  <meta http-equiv="Content-Type" content="text/html;charset=utf-8" />
  <meta name="description" content="TestNG unit test results." />
  <link href="reportng.css" rel="stylesheet" type="text/css" />
    <script type="text/javascript" src="reportng.js"></script>
</head>
<body>
<h1>Regression Test</h1>
<p>
  Test duration: 72.871s
</p>



  <table class="resultsTable">
    <tr><th colspan="3" class="header failed">Failed Tests</th></tr>
          <tr>
        <td colspan="3" class="group">com.nopcommerce.testsuite.ComputersTest</td>
      </tr>
            
<tr>
  <td class="method">
                  verifyProductAddedToShoppingCartSuccessFully
      </td>
  <td class="duration">
    3.416s
  </td>
  <td class="result">
        
          <i>Method arguments: </i><span class="arguments">"Riya", "Malik", "United Kingdom", "York", "29 Windhill", "tn4 1hj", "79564789123"</span><br />
    
            <div class="testOutput">
                        Select HDD: [[ChromeDriver: chrome on WINDOWS (1dc443e23daf634e1be50e82c7b269cf)] -&gt; xpath: //div[@class=&apos;block block-category-navigation&apos;]/descendant::a[2]]&lt;br&gt;<br />
                                Select Z To A filter : [[ChromeDriver: chrome on WINDOWS (1dc443e23daf634e1be50e82c7b269cf)] -&gt; id: products-orderby]&lt;br&gt;<br />
                                Click on Add To Cart: [[ChromeDriver: chrome on WINDOWS (1dc443e23daf634e1be50e82c7b269cf)] -&gt; css selector: div:nth-child(1) &gt; div:nth-child(1) &gt; div:nth-child(2) &gt; div:nth-child(4) &gt; div:nth-child(2) &gt; button:nth-child(1)]&lt;br&gt;<br />
                  </div>
    

        <a href="javascript:toggleElement('exception-0', 'block')" title="Click to expand/collapse"><b>org.openqa.selenium.StaleElementReferenceException: stale element reference: element is not attached to the page document<br/>
&nbsp; (Session info: chrome=112.0.5615.140)<br/>
For documentation on this error, please visit: https://selenium.dev/exceptions/#stale_element_reference<br/>
Build info: version: &apos;4.9.0&apos;, revision: &apos;d7057100a6&apos;<br/>
System info: os.name: &apos;Windows 10&apos;, os.arch: &apos;amd64&apos;, os.version: &apos;10.0&apos;, java.version: &apos;1.8.0_121&apos;<br/>
Driver info: org.openqa.selenium.chrome.ChromeDriver<br/>
Command: [1dc443e23daf634e1be50e82c7b269cf, clickElement {id=bcb4b135-d9cc-4055-b784-e10e61be6042}]<br/>
Capabilities {acceptInsecureCerts: false, browserName: chrome, browserVersion: 112.0.5615.140, chrome: {chromedriverVersion: 112.0.5615.49 (bd2a7bcb881c..., userDataDir: C:\Users\janih\AppData\Loca...}, goog:chromeOptions: {debuggerAddress: localhost:55067}, networkConnectionEnabled: false, pageLoadStrategy: normal, platformName: WINDOWS, proxy: Proxy(), se:cdp: ws://localhost:55067/devtoo..., se:cdpVersion: 112.0.5615.140, setWindowRect: true, strictFileInteractability: false, timeouts: {implicit: 0, pageLoad: 300000, script: 30000}, unhandledPromptBehavior: dismiss and notify, webauthn:extension:credBlob: true, webauthn:extension:largeBlob: true, webauthn:extension:minPinLength: true, webauthn:extension:prf: true, webauthn:virtualAuthenticators: true}<br/>
Element: [[ChromeDriver: chrome on WINDOWS (1dc443e23daf634e1be50e82c7b269cf)] -&gt; css selector: div:nth-child(1) &gt; div:nth-child(1) &gt; div:nth-child(2) &gt; div:nth-child(4) &gt; div:nth-child(2) &gt; button:nth-child(1)]<br/>
Session ID: 1dc443e23daf634e1be50e82c7b269cf</b></a><br />
    <div class="stackTrace" id="exception-0">
              sun.reflect.NativeConstructorAccessorImpl.newInstance0(Native Method)<br />
              sun.reflect.NativeConstructorAccessorImpl.newInstance(NativeConstructorAccessorImpl.java:62)<br />
              sun.reflect.DelegatingConstructorAccessorImpl.newInstance(DelegatingConstructorAccessorImpl.java:45)<br />
              java.lang.reflect.Constructor.newInstance(Constructor.java:423)<br />
              org.openqa.selenium.remote.codec.w3c.W3CHttpResponseCodec.createException(W3CHttpResponseCodec.java:200)<br />
              org.openqa.selenium.remote.codec.w3c.W3CHttpResponseCodec.decode(W3CHttpResponseCodec.java:133)<br />
              org.openqa.selenium.remote.codec.w3c.W3CHttpResponseCodec.decode(W3CHttpResponseCodec.java:53)<br />
              org.openqa.selenium.remote.HttpCommandExecutor.execute(HttpCommandExecutor.java:193)<br />
              org.openqa.selenium.remote.service.DriverCommandExecutor.invokeExecute(DriverCommandExecutor.java:183)<br />
              org.openqa.selenium.remote.service.DriverCommandExecutor.execute(DriverCommandExecutor.java:158)<br />
              org.openqa.selenium.remote.RemoteWebDriver.execute(RemoteWebDriver.java:543)<br />
              org.openqa.selenium.remote.RemoteWebElement.execute(RemoteWebElement.java:257)<br />
              org.openqa.selenium.remote.RemoteWebElement.click(RemoteWebElement.java:78)<br />
              sun.reflect.NativeMethodAccessorImpl.invoke0(Native Method)<br />
              sun.reflect.NativeMethodAccessorImpl.invoke(NativeMethodAccessorImpl.java:62)<br />
              sun.reflect.DelegatingMethodAccessorImpl.invoke(DelegatingMethodAccessorImpl.java:43)<br />
              java.lang.reflect.Method.invoke(Method.java:498)<br />
              org.openqa.selenium.support.pagefactory.internal.LocatingElementHandler.invoke(LocatingElementHandler.java:52)<br />
              com.sun.proxy.$Proxy16.click(Unknown Source)<br />
              com.nopcommerce.utility.Utilities.clickOnElement(Utilities.java:22)<br />
              com.nopcommerce.pages.DesktopsPage.clickOnAddToCart(DesktopsPage.java:35)<br />
              com.nopcommerce.testsuite.ComputersTest.verifyProductAddedToShoppingCartSuccessFully(ComputersTest.java:56)<br />
              sun.reflect.NativeMethodAccessorImpl.invoke0(Native Method)<br />
              sun.reflect.NativeMethodAccessorImpl.invoke(NativeMethodAccessorImpl.java:62)<br />
              sun.reflect.DelegatingMethodAccessorImpl.invoke(DelegatingMethodAccessorImpl.java:43)<br />
              java.lang.reflect.Method.invoke(Method.java:498)<br />
              org.testng.internal.invokers.MethodInvocationHelper.invokeMethod(MethodInvocationHelper.java:135)<br />
              org.testng.internal.invokers.TestInvoker.invokeMethod(TestInvoker.java:673)<br />
              org.testng.internal.invokers.TestInvoker.invokeTestMethod(TestInvoker.java:220)<br />
              org.testng.internal.invokers.MethodRunner.runInSequence(MethodRunner.java:50)<br />
              org.testng.internal.invokers.TestInvoker$MethodInvocationAgent.invoke(TestInvoker.java:945)<br />
              org.testng.internal.invokers.TestInvoker.invokeTestMethods(TestInvoker.java:193)<br />
              org.testng.internal.invokers.TestMethodWorker.invokeTestMethods(TestMethodWorker.java:146)<br />
              org.testng.internal.invokers.TestMethodWorker.run(TestMethodWorker.java:128)<br />
              java.util.ArrayList.forEach(ArrayList.java:1249)<br />
              org.testng.TestRunner.privateRun(TestRunner.java:808)<br />
              org.testng.TestRunner.run(TestRunner.java:603)<br />
              org.testng.SuiteRunner.runTest(SuiteRunner.java:429)<br />
              org.testng.SuiteRunner.runSequentially(SuiteRunner.java:423)<br />
              org.testng.SuiteRunner.privateRun(SuiteRunner.java:383)<br />
              org.testng.SuiteRunner.run(SuiteRunner.java:326)<br />
              org.testng.SuiteRunnerWorker.runSuite(SuiteRunnerWorker.java:52)<br />
              org.testng.SuiteRunnerWorker.run(SuiteRunnerWorker.java:95)<br />
              org.testng.TestNG.runSuitesSequentially(TestNG.java:1249)<br />
              org.testng.TestNG.runSuitesLocally(TestNG.java:1169)<br />
              org.testng.TestNG.runSuites(TestNG.java:1092)<br />
              org.testng.TestNG.run(TestNG.java:1060)<br />
              com.intellij.rt.testng.IDEARemoteTestNG.run(IDEARemoteTestNG.java:66)<br />
              com.intellij.rt.testng.RemoteTestNGStarter.main(RemoteTestNGStarter.java:109)<br />
                </div>
      </td>
</tr>
          <tr>
        <td colspan="3" class="group">com.nopcommerce.testsuite.ElectronicsTest</td>
      </tr>
            
<tr>
  <td class="method">
                  verifyUserShouldNavigateToCellPhonePageSuccessfully
      </td>
  <td class="duration">
    9.047s
  </td>
  <td class="result">
        
    
            <div class="testOutput">
                        Clicking on Login Link [[ChromeDriver: chrome on WINDOWS (fcd96b295f66141b52986265ec69b5ad)] -&gt; xpath: //ul[@class=&apos;top-menu notmobile&apos;]//a[normalize-space()=&apos;Electronics&apos;]]<br />
                                Mouse hover and click on Cell Phones [[ChromeDriver: chrome on WINDOWS (fcd96b295f66141b52986265ec69b5ad)] -&gt; xpath: //ul[@class=&apos;top-menu notmobile&apos;]//a[normalize-space()=&apos;Cell phones&apos;]]&lt;br&gt;<br />
                                Verify Cell phone text: [[ChromeDriver: chrome on WINDOWS (fcd96b295f66141b52986265ec69b5ad)] -&gt; xpath: //h1[text()=&apos;Cell phones&apos;]]&lt;br&gt;<br />
                                Click on List View tab: [[ChromeDriver: chrome on WINDOWS (fcd96b295f66141b52986265ec69b5ad)] -&gt; xpath: //a[contains(text(),&apos;List&apos;)]]&lt;br&gt;<br />
                                Click on Nokia Lumia 1020: [[ChromeDriver: chrome on WINDOWS (fcd96b295f66141b52986265ec69b5ad)] -&gt; css selector: div:nth-of-type(3) &gt; .product-item h2 &gt; a]&lt;br&gt;<br />
                                Verify Text [[ChromeDriver: chrome on WINDOWS (fcd96b295f66141b52986265ec69b5ad)] -&gt; css selector: div[class=&apos;product-name&apos;] h1]&lt;br&gt;<br />
                                Verify Price [[ChromeDriver: chrome on WINDOWS (fcd96b295f66141b52986265ec69b5ad)] -&gt; id: price-value-20]&lt;br&gt;<br />
                                Change Quantity: [[ChromeDriver: chrome on WINDOWS (fcd96b295f66141b52986265ec69b5ad)] -&gt; id: product_enteredQuantity_20]&lt;br&gt;<br />
                                Click on Cart button [[ChromeDriver: chrome on WINDOWS (fcd96b295f66141b52986265ec69b5ad)] -&gt; id: add-to-cart-button-20]&lt;br&gt;<br />
                                Verify Shopping Cart Message [[ChromeDriver: chrome on WINDOWS (fcd96b295f66141b52986265ec69b5ad)] -&gt; xpath: //p[@class=&apos;content&apos;]]&lt;br&gt;<br />
                                Click on Green button: [[ChromeDriver: chrome on WINDOWS (fcd96b295f66141b52986265ec69b5ad)] -&gt; css selector: span[title=&apos;Close&apos;]]&lt;br&gt;<br />
                                Mouse hover on shopping Cart: [[ChromeDriver: chrome on WINDOWS (fcd96b295f66141b52986265ec69b5ad)] -&gt; xpath: //span[text()=&apos;Shopping cart&apos;]]&lt;br&gt;<br />
                                Click on Go To Cart button [[ChromeDriver: chrome on WINDOWS (fcd96b295f66141b52986265ec69b5ad)] -&gt; xpath: //button[text()=&apos;Go to cart&apos;]]&lt;br&gt;<br />
                                Verify Shopping Cart Title [[ChromeDriver: chrome on WINDOWS (fcd96b295f66141b52986265ec69b5ad)] -&gt; xpath: //h1[text()=&apos;Shopping cart&apos;]]&lt;br&gt;<br />
                                Verify Quantity [[ChromeDriver: chrome on WINDOWS (fcd96b295f66141b52986265ec69b5ad)] -&gt; xpath: //tbody/tr[1]/td[5]/input[1]]&lt;br&gt;<br />
                                Verify total: [[ChromeDriver: chrome on WINDOWS (fcd96b295f66141b52986265ec69b5ad)] -&gt; xpath: //span[@class=&apos;value-summary&apos;]//strong]&lt;br&gt;<br />
                                Click on Terms of Service checkbox [[ChromeDriver: chrome on WINDOWS (fcd96b295f66141b52986265ec69b5ad)] -&gt; id: termsofservice]&lt;br&gt;<br />
                                Click on Checkout button [[ChromeDriver: chrome on WINDOWS (fcd96b295f66141b52986265ec69b5ad)] -&gt; id: checkout]&lt;br&gt;<br />
                                Verify Welcome Text [[ChromeDriver: chrome on WINDOWS (fcd96b295f66141b52986265ec69b5ad)] -&gt; xpath: //div[@class=&apos;page-title&apos;]//h1]&lt;br&gt;<br />
                                Click on Register button [[ChromeDriver: chrome on WINDOWS (fcd96b295f66141b52986265ec69b5ad)] -&gt; xpath: //button[text()=&apos;Register&apos;]]&lt;br&gt;<br />
                                Verify Register text [[ChromeDriver: chrome on WINDOWS (fcd96b295f66141b52986265ec69b5ad)] -&gt; xpath: //h1[text()=&apos;Register&apos;]]&lt;br&gt;<br />
                                Input First Name: [[ChromeDriver: chrome on WINDOWS (fcd96b295f66141b52986265ec69b5ad)] -&gt; id: FirstName]&lt;br&gt;<br />
                                Input Last Name: [[ChromeDriver: chrome on WINDOWS (fcd96b295f66141b52986265ec69b5ad)] -&gt; id: LastName]&lt;br&gt;<br />
                                Input Email: [[ChromeDriver: chrome on WINDOWS (fcd96b295f66141b52986265ec69b5ad)] -&gt; id: Email]&lt;br&gt;<br />
                                Input Password: [[ChromeDriver: chrome on WINDOWS (fcd96b295f66141b52986265ec69b5ad)] -&gt; id: Password]&lt;br&gt;<br />
                                Input confirm password: [[ChromeDriver: chrome on WINDOWS (fcd96b295f66141b52986265ec69b5ad)] -&gt; id: ConfirmPassword]&lt;br&gt;<br />
                                Click on Register button [[ChromeDriver: chrome on WINDOWS (fcd96b295f66141b52986265ec69b5ad)] -&gt; id: register-button]&lt;br&gt;<br />
                                Verify Register Text Message [[ChromeDriver: chrome on WINDOWS (fcd96b295f66141b52986265ec69b5ad)] -&gt; xpath: //div[@class=&apos;result&apos;]]&lt;br&gt;<br />
                                Click on Continue button [[ChromeDriver: chrome on WINDOWS (fcd96b295f66141b52986265ec69b5ad)] -&gt; xpath: //a[contains(text(),&apos;Continue&apos;)]]&lt;br&gt;<br />
                                Verify Shopping Cart Title [[ChromeDriver: chrome on WINDOWS (fcd96b295f66141b52986265ec69b5ad)] -&gt; xpath: //h1[text()=&apos;Shopping cart&apos;]]&lt;br&gt;<br />
                  </div>
    

        <a href="javascript:toggleElement('exception-1', 'block')" title="Click to expand/collapse"><b>org.openqa.selenium.StaleElementReferenceException: stale element reference: element is not attached to the page document<br/>
&nbsp; (Session info: chrome=112.0.5615.140)<br/>
For documentation on this error, please visit: https://selenium.dev/exceptions/#stale_element_reference<br/>
Build info: version: &apos;4.9.0&apos;, revision: &apos;d7057100a6&apos;<br/>
System info: os.name: &apos;Windows 10&apos;, os.arch: &apos;amd64&apos;, os.version: &apos;10.0&apos;, java.version: &apos;1.8.0_121&apos;<br/>
Driver info: org.openqa.selenium.chrome.ChromeDriver<br/>
Command: [fcd96b295f66141b52986265ec69b5ad, getElementText {id=0c5f40a5-81f1-48bf-a3b8-47107860f8ec}]<br/>
Capabilities {acceptInsecureCerts: false, browserName: chrome, browserVersion: 112.0.5615.140, chrome: {chromedriverVersion: 112.0.5615.49 (bd2a7bcb881c..., userDataDir: C:\Users\janih\AppData\Loca...}, goog:chromeOptions: {debuggerAddress: localhost:55142}, networkConnectionEnabled: false, pageLoadStrategy: normal, platformName: WINDOWS, proxy: Proxy(), se:cdp: ws://localhost:55142/devtoo..., se:cdpVersion: 112.0.5615.140, setWindowRect: true, strictFileInteractability: false, timeouts: {implicit: 0, pageLoad: 300000, script: 30000}, unhandledPromptBehavior: dismiss and notify, webauthn:extension:credBlob: true, webauthn:extension:largeBlob: true, webauthn:extension:minPinLength: true, webauthn:extension:prf: true, webauthn:virtualAuthenticators: true}<br/>
Element: [[ChromeDriver: chrome on WINDOWS (fcd96b295f66141b52986265ec69b5ad)] -&gt; xpath: //h1[text()=&apos;Shopping cart&apos;]]<br/>
Session ID: fcd96b295f66141b52986265ec69b5ad</b></a><br />
    <div class="stackTrace" id="exception-1">
              sun.reflect.NativeConstructorAccessorImpl.newInstance0(Native Method)<br />
              sun.reflect.NativeConstructorAccessorImpl.newInstance(NativeConstructorAccessorImpl.java:62)<br />
              sun.reflect.DelegatingConstructorAccessorImpl.newInstance(DelegatingConstructorAccessorImpl.java:45)<br />
              java.lang.reflect.Constructor.newInstance(Constructor.java:423)<br />
              org.openqa.selenium.remote.codec.w3c.W3CHttpResponseCodec.createException(W3CHttpResponseCodec.java:200)<br />
              org.openqa.selenium.remote.codec.w3c.W3CHttpResponseCodec.decode(W3CHttpResponseCodec.java:133)<br />
              org.openqa.selenium.remote.codec.w3c.W3CHttpResponseCodec.decode(W3CHttpResponseCodec.java:53)<br />
              org.openqa.selenium.remote.HttpCommandExecutor.execute(HttpCommandExecutor.java:193)<br />
              org.openqa.selenium.remote.service.DriverCommandExecutor.invokeExecute(DriverCommandExecutor.java:183)<br />
              org.openqa.selenium.remote.service.DriverCommandExecutor.execute(DriverCommandExecutor.java:158)<br />
              org.openqa.selenium.remote.RemoteWebDriver.execute(RemoteWebDriver.java:543)<br />
              org.openqa.selenium.remote.RemoteWebElement.execute(RemoteWebElement.java:257)<br />
              org.openqa.selenium.remote.RemoteWebElement.getText(RemoteWebElement.java:207)<br />
              sun.reflect.GeneratedMethodAccessor2.invoke(Unknown Source)<br />
              sun.reflect.DelegatingMethodAccessorImpl.invoke(DelegatingMethodAccessorImpl.java:43)<br />
              java.lang.reflect.Method.invoke(Method.java:498)<br />
              org.openqa.selenium.support.pagefactory.internal.LocatingElementHandler.invoke(LocatingElementHandler.java:52)<br />
              com.sun.proxy.$Proxy16.getText(Unknown Source)<br />
              com.nopcommerce.utility.Utilities.getTextFromElement(Utilities.java:35)<br />
              com.nopcommerce.utility.Utilities.verifyElements(Utilities.java:325)<br />
              com.nopcommerce.pages.ShoppingCartPage.verifyShoppingCartTitle(ShoppingCartPage.java:48)<br />
              com.nopcommerce.testsuite.ElectronicsTest.verifyUserShouldNavigateToCellPhonePageSuccessfully(ElectronicsTest.java:86)<br />
              sun.reflect.NativeMethodAccessorImpl.invoke0(Native Method)<br />
              sun.reflect.NativeMethodAccessorImpl.invoke(NativeMethodAccessorImpl.java:62)<br />
              sun.reflect.DelegatingMethodAccessorImpl.invoke(DelegatingMethodAccessorImpl.java:43)<br />
              java.lang.reflect.Method.invoke(Method.java:498)<br />
              org.testng.internal.invokers.MethodInvocationHelper.invokeMethod(MethodInvocationHelper.java:135)<br />
              org.testng.internal.invokers.TestInvoker.invokeMethod(TestInvoker.java:673)<br />
              org.testng.internal.invokers.TestInvoker.invokeTestMethod(TestInvoker.java:220)<br />
              org.testng.internal.invokers.MethodRunner.runInSequence(MethodRunner.java:50)<br />
              org.testng.internal.invokers.TestInvoker$MethodInvocationAgent.invoke(TestInvoker.java:945)<br />
              org.testng.internal.invokers.TestInvoker.invokeTestMethods(TestInvoker.java:193)<br />
              org.testng.internal.invokers.TestMethodWorker.invokeTestMethods(TestMethodWorker.java:146)<br />
              org.testng.internal.invokers.TestMethodWorker.run(TestMethodWorker.java:128)<br />
              java.util.ArrayList.forEach(ArrayList.java:1249)<br />
              org.testng.TestRunner.privateRun(TestRunner.java:808)<br />
              org.testng.TestRunner.run(TestRunner.java:603)<br />
              org.testng.SuiteRunner.runTest(SuiteRunner.java:429)<br />
              org.testng.SuiteRunner.runSequentially(SuiteRunner.java:423)<br />
              org.testng.SuiteRunner.privateRun(SuiteRunner.java:383)<br />
              org.testng.SuiteRunner.run(SuiteRunner.java:326)<br />
              org.testng.SuiteRunnerWorker.runSuite(SuiteRunnerWorker.java:52)<br />
              org.testng.SuiteRunnerWorker.run(SuiteRunnerWorker.java:95)<br />
              org.testng.TestNG.runSuitesSequentially(TestNG.java:1249)<br />
              org.testng.TestNG.runSuitesLocally(TestNG.java:1169)<br />
              org.testng.TestNG.runSuites(TestNG.java:1092)<br />
              org.testng.TestNG.run(TestNG.java:1060)<br />
              com.intellij.rt.testng.IDEARemoteTestNG.run(IDEARemoteTestNG.java:66)<br />
              com.intellij.rt.testng.RemoteTestNGStarter.main(RemoteTestNGStarter.java:109)<br />
                </div>
      </td>
</tr>
      </table>


  <table class="resultsTable">
    <tr><th colspan="3" class="header passed">Passed Tests</th></tr>
          <tr>
        <td colspan="3" class="group">com.nopcommerce.testsuite.ComputersTest</td>
      </tr>
            
<tr>
  <td class="method">
                  verifyProductArrangeInAlphaBaticalOrder
      </td>
  <td class="duration">
    41.061s
  </td>
  <td class="result">
        
    
            <div class="testOutput">
                        Select HDD: [[ChromeDriver: chrome on WINDOWS (4c62fcd49bff7c288ff0d7c8fa30c808)] -&gt; xpath: //div[@class=&apos;block block-category-navigation&apos;]/descendant::a[2]]&lt;br&gt;<br />
                                Select Z To A filter : [[ChromeDriver: chrome on WINDOWS (4c62fcd49bff7c288ff0d7c8fa30c808)] -&gt; id: products-orderby]&lt;br&gt;<br />
                  </div>
    

      </td>
</tr>
          <tr>
        <td colspan="3" class="group">com.nopcommerce.testsuite.TopMenuTest</td>
      </tr>
            
<tr>
  <td class="method">
                  verifyPageNavigation
      </td>
  <td class="duration">
    5.881s
  </td>
  <td class="result">
        
    
            <div class="testOutput">
                        Verify Computer Text: [[ChromeDriver: chrome on WINDOWS (ee6800710abc95f586cdf6146ab50627)] -&gt; xpath: //h1[contains (text(), &apos;Computers&apos;)]]&lt;br&gt;<br />
                                Verify Electronic Text: [[ChromeDriver: chrome on WINDOWS (ee6800710abc95f586cdf6146ab50627)] -&gt; xpath: //h1[contains (text(), &apos;Electronics&apos;)]]&lt;br&gt;<br />
                                Verify Apparel Text: [[ChromeDriver: chrome on WINDOWS (ee6800710abc95f586cdf6146ab50627)] -&gt; xpath: //h1[contains (text(), &apos;Apparel&apos;)]]&lt;br&gt;<br />
                                Verify Digital Download Text: [[ChromeDriver: chrome on WINDOWS (ee6800710abc95f586cdf6146ab50627)] -&gt; xpath: //h1[contains (text(), &apos;Digital downloads&apos;)]]&lt;br&gt;<br />
                                Verify Books Text: [[ChromeDriver: chrome on WINDOWS (ee6800710abc95f586cdf6146ab50627)] -&gt; xpath: //h1[contains (text(), &apos;Books&apos;)]]&lt;br&gt;<br />
                                Verify Jewelry Text: [[ChromeDriver: chrome on WINDOWS (ee6800710abc95f586cdf6146ab50627)] -&gt; xpath: //h1[contains (text(), &apos;Jewelry&apos;)]]&lt;br&gt;<br />
                                Verify Gift Card Text: [[ChromeDriver: chrome on WINDOWS (ee6800710abc95f586cdf6146ab50627)] -&gt; xpath: //h1[contains (text(), &apos;Gift Cards&apos;)]]&lt;br&gt;<br />
                  </div>
    

      </td>
</tr>
      </table>
  
</body>
</html>
